/var/spool/slurm/slurmd/job6066448/slurm_script: line 15: /home/m/mchakrav/patelmo6/virtual_envs/PLS_venv/bin/activate: Permission denied
  File "plsc.py", line 21
SyntaxError: Non-ASCII character '\xe2' in file plsc.py on line 21, but no encoding declared; see http://www.python.org/peps/pep-0263.html for details

scontrol show jobid 6066448
JobId=6066448 JobName=plsc_joblist
   UserId=patelmo6(3025081) GroupId=mchakrav(6002763) MCS_label=N/A
   Priority=2035713 Nice=0 Account=rrg-mchakrav-ab QOS=normal
   JobState=FAILED Reason=NonZeroExitCode Dependency=(null)
   Requeue=0 Restarts=0 BatchFlag=1 Reboot=0 ExitCode=1:0
   RunTime=00:00:07 TimeLimit=00:30:00 TimeMin=N/A
   SubmitTime=2021-09-05T14:52:19 EligibleTime=2021-09-05T14:52:19
   AccrueTime=2021-09-05T14:52:19
   StartTime=2021-09-05T14:52:20 EndTime=2021-09-05T14:52:27 Deadline=N/A
   SuspendTime=None SecsPreSuspend=0 LastSchedEval=2021-09-05T14:52:20
   Partition=compute AllocNode:Sid=nia-login06:427296
   ReqNodeList=(null) ExcNodeList=(null)
   NodeList=nia1253
   BatchHost=nia1253
   NumNodes=1 NumCPUs=80 NumTasks=0 CPUs/Task=80 ReqB:S:C:T=0:0:*:*
   TRES=cpu=80,mem=175000M,node=1,billing=40
   Socks/Node=* NtasksPerN:B:S:C=0:0:*:* CoreSpec=*
   MinCPUsNode=80 MinMemoryNode=175000M MinTmpDiskNode=0
   Features=[skylake|cascade] DelayBoot=00:00:00
   OverSubscribe=NO Contiguous=0 Licenses=(null) Network=(null)
   Command=.qbatch/plsc_joblist.0
   WorkDir=/gpfs/fs0/scratch/m/mchakrav/patelmo6/HCP/hcp-micro-func/analysis/pls/k4
   StdErr=/gpfs/fs0/scratch/m/mchakrav/patelmo6/HCP/hcp-micro-func/analysis/pls/k4/logs/slurm-plsc_joblist-6066448.out
   StdIn=/dev/null
   StdOut=/gpfs/fs0/scratch/m/mchakrav/patelmo6/HCP/hcp-micro-func/analysis/pls/k4/logs/slurm-plsc_joblist-6066448.out
   Power=
   MailUser=patelmo6@scinet.local MailType=ARRAY_TASKS,FAIL,REQUEUE

sacct -j 6066448
       JobID    JobName    Account    Elapsed  MaxVMSize     MaxRSS  SystemCPU    UserCPU ExitCode 
------------ ---------- ---------- ---------- ---------- ---------- ---------- ---------- -------- 
6066448      plsc_jobl+ rrg-mchak+   00:00:07                        00:00.254  00:00.272      1:0 
6066448.bat+      batch rrg-mchak+   00:00:07    138528K      1244K  00:00.254  00:00.271      1:0 
6066448.ext+     extern rrg-mchak+   00:00:07    138360K      1064K   00:00:00   00:00:00      0:0 
